app/build/outputs/logs/manifest-merger-debug-report.txt
-- Merging decision tree log ---
manifest
ADDED from src/main/AndroidManifest.xml:2:1-373:12
	package
		ADDED from src/main/AndroidManifest.xml:3:5-38
		INJECTED from src/main/AndroidManifest.xml
		INJECTED from src/main/AndroidManifest.xml
	android:versionName
		ADDED from src/main/AndroidManifest.xml:5:5-32
		INJECTED from src/main/AndroidManifest.xml
		INJECTED from src/main/AndroidManifest.xml
	android:versionCode
		ADDED from src/main/AndroidManifest.xml:4:5-29
		INJECTED from src/main/AndroidManifest.xml
		INJECTED from src/main/AndroidManifest.xml
	xmlns:android
		ADDED from src/main/AndroidManifest.xml:2:11-69
uses-sdk
ADDED from src/main/AndroidManifest.xml:8:5-10:41
MERGED from [com.android.support:support-v4:22.2.1] AndroidManifest.xml:20:5-43
	android:targetSdkVersion
		ADDED from src/main/AndroidManifest.xml:10:9-38
		INJECTED from src/main/AndroidManifest.xml
		INJECTED from src/main/AndroidManifest.xml
	android:minSdkVersion
		ADDED from src/main/AndroidManifest.xml:9:9-35
		INJECTED from src/main/AndroidManifest.xml
		INJECTED from src/main/AndroidManifest.xml
uses-feature#android.hardware.camera
ADDED from src/main/AndroidManifest.xml:13:5-60
	android:name
		ADDED from src/main/AndroidManifest.xml:13:19-57
uses-feature#android.hardware.camera.autofocus
ADDED from src/main/AndroidManifest.xml:14:5-70
	android:name
		ADDED from src/main/AndroidManifest.xml:14:19-67
uses-permission#android.permission.CAMERA
ADDED from src/main/AndroidManifest.xml:16:5-65
	android:name
		ADDED from src/main/AndroidManifest.xml:16:22-62
uses-permission#android.permission.VIBRATE
ADDED from src/main/AndroidManifest.xml:18:5-66
	android:name
		ADDED from src/main/AndroidManifest.xml:18:22-63
uses-permission#android.permission.READ_CONTACTS
ADDED from src/main/AndroidManifest.xml:19:5-72
	android:name
		ADDED from src/main/AndroidManifest.xml:19:22-69
uses-permission#android.permission.READ_PHONE_STATE
ADDED from src/main/AndroidManifest.xml:20:5-75
	android:name
		ADDED from src/main/AndroidManifest.xml:20:22-72
uses-permission#android.permission.WRITE_EXTERNAL_STORAGE
ADDED from src/main/AndroidManifest.xml:21:5-81
	android:name
		ADDED from src/main/AndroidManifest.xml:21:22-78
uses-permission#android.permission.ACCESS_NETWORK_STATE
ADDED from src/main/AndroidManifest.xml:22:5-79
	android:name
		ADDED from src/main/AndroidManifest.xml:22:22-76
uses-permission#android.permission.ACCESS_WIFI_STATE
ADDED from src/main/AndroidManifest.xml:23:5-76
	android:name
		ADDED from src/main/AndroidManifest.xml:23:22-73
uses-permission#android.permission.INTERNET
ADDED from src/main/AndroidManifest.xml:24:5-67
	android:name
		ADDED from src/main/AndroidManifest.xml:24:22-64
uses-permission#android.permission.RECEIVE_SMS
ADDED from src/main/AndroidManifest.xml:25:5-70
	android:name
		ADDED from src/main/AndroidManifest.xml:25:22-67
uses-permission#android.permission.GET_TASKS
ADDED from src/main/AndroidManifest.xml:26:5-68
	android:name
		ADDED from src/main/AndroidManifest.xml:26:22-65
uses-permission#android.permission.ACCESS_FINE_LOCATION
ADDED from src/main/AndroidManifest.xml:27:5-79
	android:name
		ADDED from src/main/AndroidManifest.xml:27:22-76
uses-permission#android.permission.CALL_PHONE
ADDED from src/main/AndroidManifest.xml:28:5-69
	android:name
		ADDED from src/main/AndroidManifest.xml:28:22-66
uses-permission#android.permission.INSTALL_PACKAGES
ADDED from src/main/AndroidManifest.xml:30:5-75
	android:name
		ADDED from src/main/AndroidManifest.xml:30:22-72
uses-permission#android.permission.SET_DEBUG_APP
ADDED from src/main/AndroidManifest.xml:34:5-72
	android:name
		ADDED from src/main/AndroidManifest.xml:34:22-69
uses-permission#android.permission.SYSTEM_ALERT_WINDOW
ADDED from src/main/AndroidManifest.xml:35:5-78
	android:name
		ADDED from src/main/AndroidManifest.xml:35:22-75
uses-permission#android.permission.GET_ACCOUNTS
ADDED from src/main/AndroidManifest.xml:36:5-71
	android:name
		ADDED from src/main/AndroidManifest.xml:36:22-68
uses-permission#android.permission.USE_CREDENTIALS
ADDED from src/main/AndroidManifest.xml:37:5-74
	android:name
		ADDED from src/main/AndroidManifest.xml:37:22-71
uses-permission#android.permission.MANAGE_ACCOUNTS
ADDED from src/main/AndroidManifest.xml:38:5-74
	android:name
		ADDED from src/main/AndroidManifest.xml:38:22-71
uses-permission#android.permission.RECORD_AUDIO
ADDED from src/main/AndroidManifest.xml:43:5-71
	android:name
		ADDED from src/main/AndroidManifest.xml:43:22-68
uses-permission#com.android.launcher.permission.READ_SETTINGS
ADDED from src/main/AndroidManifest.xml:46:5-85
	android:name
		ADDED from src/main/AndroidManifest.xml:46:22-82
uses-permission#android.permission.WAKE_LOCK
ADDED from src/main/AndroidManifest.xml:47:5-68
	android:name
		ADDED from src/main/AndroidManifest.xml:47:22-65
uses-permission#android.permission.WRITE_SETTINGS
ADDED from src/main/AndroidManifest.xml:50:5-73
	android:name
		ADDED from src/main/AndroidManifest.xml:50:22-70
uses-permission#android.permission.ACCESS_COARSE_LOCATION
ADDED from src/main/AndroidManifest.xml:52:5-81
	android:name
		ADDED from src/main/AndroidManifest.xml:52:22-78
uses-permission#android.permission.CHANGE_WIFI_STATE
ADDED from src/main/AndroidManifest.xml:60:5-76
	android:name
		ADDED from src/main/AndroidManifest.xml:60:22-73
uses-permission#android.permission.MOUNT_UNMOUNT_FILESYSTEMS
ADDED from src/main/AndroidManifest.xml:62:5-84
	android:name
		ADDED from src/main/AndroidManifest.xml:62:22-81
uses-permission#android.permission.READ_LOGS
ADDED from src/main/AndroidManifest.xml:64:5-68
	android:name
		ADDED from src/main/AndroidManifest.xml:64:22-65
uses-permission#android.permission.RECEIVE_BOOT_COMPLETED
ADDED from src/main/AndroidManifest.xml:73:5-81
	android:name
		ADDED from src/main/AndroidManifest.xml:73:22-78
uses-permission#android.permission.BLUETOOTH
ADDED from src/main/AndroidManifest.xml:78:5-68
	android:name
		ADDED from src/main/AndroidManifest.xml:78:22-65
uses-permission#android.permission.BLUETOOTH_ADMIN
ADDED from src/main/AndroidManifest.xml:79:5-74
	android:name
		ADDED from src/main/AndroidManifest.xml:79:22-71
uses-permission#getui.permission.GetuiService.com.meijialife.dingdang
ADDED from src/main/AndroidManifest.xml:86:5-93
	android:name
		ADDED from src/main/AndroidManifest.xml:86:22-90
permission#getui.permission.GetuiService.com.meijialife.dingdang
ADDED from src/main/AndroidManifest.xml:88:5-91:18
	android:protectionLevel
		ADDED from src/main/AndroidManifest.xml:90:9-41
	android:name
		ADDED from src/main/AndroidManifest.xml:89:9-77
application
ADDED from src/main/AndroidManifest.xml:93:5-371:19
MERGED from [com.android.support:support-v4:22.2.1] AndroidManifest.xml:22:5-20
	android:screenOrientation
		ADDED from src/main/AndroidManifest.xml:98:9-45
	android:label
		ADDED from src/main/AndroidManifest.xml:97:9-41
	android:allowBackup
		ADDED from src/main/AndroidManifest.xml:95:9-35
	android:icon
		ADDED from src/main/AndroidManifest.xml:96:9-38
	android:theme
		ADDED from src/main/AndroidManifest.xml:99:9-44
	android:name
		ADDED from src/main/AndroidManifest.xml:94:9-38
activity#com.meijialife.dingdang.activity.SplashActivity
ADDED from src/main/AndroidManifest.xml:100:9-109:20
	android:screenOrientation
		ADDED from src/main/AndroidManifest.xml:103:13-49
	android:label
		ADDED from src/main/AndroidManifest.xml:102:13-45
	android:name
		ADDED from src/main/AndroidManifest.xml:101:13-52
intent-filter#android.intent.action.MAIN+android.intent.category.LAUNCHER
ADDED from src/main/AndroidManifest.xml:104:13-108:29
action#android.intent.action.MAIN
ADDED from src/main/AndroidManifest.xml:105:17-69
	android:name
		ADDED from src/main/AndroidManifest.xml:105:25-66
category#android.intent.category.LAUNCHER
ADDED from src/main/AndroidManifest.xml:107:17-77
	android:name
		ADDED from src/main/AndroidManifest.xml:107:27-74
activity#com.meijialife.dingdang.MainActivity
ADDED from src/main/AndroidManifest.xml:110:9-113:70
	android:screenOrientation
		ADDED from src/main/AndroidManifest.xml:112:13-49
	android:windowSoftInputMode
		ADDED from src/main/AndroidManifest.xml:113:13-67
	android:name
		ADDED from src/main/AndroidManifest.xml:111:13-41
meta-data#UMENG_APPKEY
ADDED from src/main/AndroidManifest.xml:116:9-119:21
	android:value
		ADDED from src/main/AndroidManifest.xml:118:13-53
	android:name
		ADDED from src/main/AndroidManifest.xml:117:13-40
meta-data#UMENG_CHANNEL
ADDED from src/main/AndroidManifest.xml:120:9-122:38
	android:value
		ADDED from src/main/AndroidManifest.xml:122:13-35
	android:name
		ADDED from src/main/AndroidManifest.xml:121:13-41
service#com.umeng.update.net.DownloadingService
ADDED from src/main/AndroidManifest.xml:124:9-127:19
	android:process
		ADDED from src/main/AndroidManifest.xml:126:13-50
	android:name
		ADDED from src/main/AndroidManifest.xml:125:13-67
activity#com.umeng.update.UpdateDialogActivity
ADDED from src/main/AndroidManifest.xml:129:9-132:20
	android:theme
		ADDED from src/main/AndroidManifest.xml:131:13-72
	android:name
		ADDED from src/main/AndroidManifest.xml:130:13-65
activity#com.alipay.android.app.sdk.WapPayActivity
ADDED from src/main/AndroidManifest.xml:135:9-137:52
	android:screenOrientation
		ADDED from src/main/AndroidManifest.xml:137:13-49
	android:name
		ADDED from src/main/AndroidManifest.xml:136:13-69
activity#com.meijialife.dingdang.activity.PersonInfoActivity
ADDED from src/main/AndroidManifest.xml:138:9-141:70
	android:screenOrientation
		ADDED from src/main/AndroidManifest.xml:140:13-49
	android:windowSoftInputMode
		ADDED from src/main/AndroidManifest.xml:141:13-67
	android:name
		ADDED from src/main/AndroidManifest.xml:139:13-56
activity#com.meijialife.dingdang.activity.PersonAccountCenterActivity
ADDED from src/main/AndroidManifest.xml:142:9-145:70
	android:screenOrientation
		ADDED from src/main/AndroidManifest.xml:144:13-49
	android:windowSoftInputMode
		ADDED from src/main/AndroidManifest.xml:145:13-67
	android:name
		ADDED from src/main/AndroidManifest.xml:143:13-65
activity#com.meijialife.dingdang.activity.PersonTixianActivity
ADDED from src/main/AndroidManifest.xml:146:9-149:70
	android:screenOrientation
		ADDED from src/main/AndroidManifest.xml:148:13-49
	android:windowSoftInputMode
		ADDED from src/main/AndroidManifest.xml:149:13-67
	android:name
		ADDED from src/main/AndroidManifest.xml:147:13-58
activity#com.meijialife.dingdang.activity.HistoryOrderActivity
ADDED from src/main/AndroidManifest.xml:150:9-153:70
	android:screenOrientation
		ADDED from src/main/AndroidManifest.xml:152:13-49
	android:windowSoftInputMode
		ADDED from src/main/AndroidManifest.xml:153:13-67
	android:name
		ADDED from src/main/AndroidManifest.xml:151:13-58
activity#com.meijialife.dingdang.activity.PersonPayDebtActivity
ADDED from src/main/AndroidManifest.xml:154:9-157:70
	android:screenOrientation
		ADDED from src/main/AndroidManifest.xml:156:13-49
	android:windowSoftInputMode
		ADDED from src/main/AndroidManifest.xml:157:13-67
	android:name
		ADDED from src/main/AndroidManifest.xml:155:13-59
activity#com.meijialife.dingdang.activity.PersonPayDetailActivity
ADDED from src/main/AndroidManifest.xml:158:9-161:70
	android:screenOrientation
		ADDED from src/main/AndroidManifest.xml:160:13-49
	android:windowSoftInputMode
		ADDED from src/main/AndroidManifest.xml:161:13-67
	android:name
		ADDED from src/main/AndroidManifest.xml:159:13-61
activity#com.meijialife.dingdang.activity.PersonCollageActivity
ADDED from src/main/AndroidManifest.xml:162:9-165:70
	android:screenOrientation
		ADDED from src/main/AndroidManifest.xml:164:13-49
	android:windowSoftInputMode
		ADDED from src/main/AndroidManifest.xml:165:13-67
	android:name
		ADDED from src/main/AndroidManifest.xml:163:13-59
activity#com.meijialife.dingdang.activity.AuthGotoAuthActivity
ADDED from src/main/AndroidManifest.xml:166:9-169:70
	android:screenOrientation
		ADDED from src/main/AndroidManifest.xml:168:13-49
	android:windowSoftInputMode
		ADDED from src/main/AndroidManifest.xml:169:13-67
	android:name
		ADDED from src/main/AndroidManifest.xml:167:13-58
activity#com.meijialife.dingdang.activity.AuthStatusActivity
ADDED from src/main/AndroidManifest.xml:170:9-173:70
	android:screenOrientation
		ADDED from src/main/AndroidManifest.xml:172:13-49
	android:windowSoftInputMode
		ADDED from src/main/AndroidManifest.xml:173:13-67
	android:name
		ADDED from src/main/AndroidManifest.xml:171:13-56
activity#com.meijialife.dingdang.activity.LoginActivity
ADDED from src/main/AndroidManifest.xml:174:9-177:70
	android:screenOrientation
		ADDED from src/main/AndroidManifest.xml:176:13-49
	android:windowSoftInputMode
		ADDED from src/main/AndroidManifest.xml:177:13-67
	android:name
		ADDED from src/main/AndroidManifest.xml:175:13-51
activity#com.meijialife.dingdang.activity.WebViewActivity
ADDED from src/main/AndroidManifest.xml:178:9-181:70
	android:screenOrientation
		ADDED from src/main/AndroidManifest.xml:180:13-49
	android:windowSoftInputMode
		ADDED from src/main/AndroidManifest.xml:181:13-67
	android:name
		ADDED from src/main/AndroidManifest.xml:179:13-53
activity#com.meijialife.dingdang.activity.OrderDetailActivity
ADDED from src/main/AndroidManifest.xml:182:9-185:70
	android:screenOrientation
		ADDED from src/main/AndroidManifest.xml:184:13-49
	android:windowSoftInputMode
		ADDED from src/main/AndroidManifest.xml:185:13-67
	android:name
		ADDED from src/main/AndroidManifest.xml:183:13-57
activity#com.meijialife.dingdang.activity.UserListActivity
ADDED from src/main/AndroidManifest.xml:186:9-189:63
	android:screenOrientation
		ADDED from src/main/AndroidManifest.xml:188:13-49
	android:windowSoftInputMode
		ADDED from src/main/AndroidManifest.xml:189:13-60
	android:name
		ADDED from src/main/AndroidManifest.xml:187:13-54
activity#com.meijialife.dingdang.activity.UserRateListActivity
ADDED from src/main/AndroidManifest.xml:190:9-193:63
	android:screenOrientation
		ADDED from src/main/AndroidManifest.xml:192:13-49
	android:windowSoftInputMode
		ADDED from src/main/AndroidManifest.xml:193:13-60
	android:name
		ADDED from src/main/AndroidManifest.xml:191:13-58
activity#com.meijialife.dingdang.activity.SecListActivity
ADDED from src/main/AndroidManifest.xml:194:9-197:63
	android:screenOrientation
		ADDED from src/main/AndroidManifest.xml:196:13-49
	android:windowSoftInputMode
		ADDED from src/main/AndroidManifest.xml:197:13-60
	android:name
		ADDED from src/main/AndroidManifest.xml:195:13-53
activity#com.meijialife.dingdang.activity.ShareActivity
ADDED from src/main/AndroidManifest.xml:200:9-203:70
	android:screenOrientation
		ADDED from src/main/AndroidManifest.xml:202:13-49
	android:windowSoftInputMode
		ADDED from src/main/AndroidManifest.xml:203:13-67
	android:name
		ADDED from src/main/AndroidManifest.xml:201:13-51
activity#com.meijialife.dingdang.activity.MoreActivity
ADDED from src/main/AndroidManifest.xml:205:9-208:70
	android:screenOrientation
		ADDED from src/main/AndroidManifest.xml:207:13-49
	android:windowSoftInputMode
		ADDED from src/main/AndroidManifest.xml:208:13-67
	android:name
		ADDED from src/main/AndroidManifest.xml:206:13-50
service#com.baidu.location.f
ADDED from src/main/AndroidManifest.xml:211:9-214:41
	android:enabled
		ADDED from src/main/AndroidManifest.xml:213:13-35
	android:process
		ADDED from src/main/AndroidManifest.xml:214:13-38
	android:name
		ADDED from src/main/AndroidManifest.xml:212:13-48
meta-data#com.baidu.lbsapi.API_KEY
ADDED from src/main/AndroidManifest.xml:216:9-218:64
	android:value
		ADDED from src/main/AndroidManifest.xml:218:13-61
	android:name
		ADDED from src/main/AndroidManifest.xml:217:13-52
meta-data#PUSH_APPID
ADDED from src/main/AndroidManifest.xml:222:9-224:54
	android:value
		ADDED from src/main/AndroidManifest.xml:224:13-51
	android:name
		ADDED from src/main/AndroidManifest.xml:223:13-38
meta-data#PUSH_APPKEY
ADDED from src/main/AndroidManifest.xml:226:9-228:54
	android:value
		ADDED from src/main/AndroidManifest.xml:228:13-51
	android:name
		ADDED from src/main/AndroidManifest.xml:227:13-39
meta-data#PUSH_APPSECRET
ADDED from src/main/AndroidManifest.xml:230:9-232:54
	android:value
		ADDED from src/main/AndroidManifest.xml:232:13-51
	android:name
		ADDED from src/main/AndroidManifest.xml:231:13-42
receiver#com.meijialife.dingdang.MyPushReceiver
ADDED from src/main/AndroidManifest.xml:235:9-241:20
	android:exported
		ADDED from src/main/AndroidManifest.xml:237:13-37
	android:name
		ADDED from src/main/AndroidManifest.xml:236:13-66
intent-filter#com.igexin.sdk.action.xjd3PmtMTa94K64Qm71jH1
ADDED from src/main/AndroidManifest.xml:238:13-240:29
action#com.igexin.sdk.action.xjd3PmtMTa94K64Qm71jH1
ADDED from src/main/AndroidManifest.xml:239:17-87
	android:name
		ADDED from src/main/AndroidManifest.xml:239:25-84
service#com.igexin.sdk.PushService
ADDED from src/main/AndroidManifest.xml:243:9-248:19
	android:process
		ADDED from src/main/AndroidManifest.xml:247:13-43
	android:label
		ADDED from src/main/AndroidManifest.xml:246:13-47
	android:exported
		ADDED from src/main/AndroidManifest.xml:245:13-36
	android:name
		ADDED from src/main/AndroidManifest.xml:244:13-54
service#com.igexin.sdk.PushServiceUser
ADDED from src/main/AndroidManifest.xml:250:9-254:19
	android:label
		ADDED from src/main/AndroidManifest.xml:253:13-51
	android:exported
		ADDED from src/main/AndroidManifest.xml:252:13-36
	android:name
		ADDED from src/main/AndroidManifest.xml:251:13-58
receiver#com.igexin.sdk.PushReceiver
ADDED from src/main/AndroidManifest.xml:256:9-267:20
	android:name
		ADDED from src/main/AndroidManifest.xml:256:19-61
intent-filter#android.intent.action.ACTION_POWER_CONNECTED+android.intent.action.ACTION_POWER_DISCONNECTED+android.intent.action.BOOT_COMPLETED+android.intent.action.MEDIA_MOUNTED+android.intent.action.USER_PRESENT+android.net.conn.CONNECTIVITY_CHANGE+com.igexin.sdk.action.refreshls
ADDED from src/main/AndroidManifest.xml:257:13-266:29
action#android.intent.action.BOOT_COMPLETED
ADDED from src/main/AndroidManifest.xml:258:17-79
	android:name
		ADDED from src/main/AndroidManifest.xml:258:25-76
action#android.net.conn.CONNECTIVITY_CHANGE
ADDED from src/main/AndroidManifest.xml:259:17-79
	android:name
		ADDED from src/main/AndroidManifest.xml:259:25-76
action#android.intent.action.USER_PRESENT
ADDED from src/main/AndroidManifest.xml:260:17-77
	android:name
		ADDED from src/main/AndroidManifest.xml:260:25-74
action#com.igexin.sdk.action.refreshls
ADDED from src/main/AndroidManifest.xml:261:17-74
	android:name
		ADDED from src/main/AndroidManifest.xml:261:25-71
action#android.intent.action.MEDIA_MOUNTED
ADDED from src/main/AndroidManifest.xml:263:17-78
	android:name
		ADDED from src/main/AndroidManifest.xml:263:25-75
action#android.intent.action.ACTION_POWER_CONNECTED
ADDED from src/main/AndroidManifest.xml:264:17-87
	android:name
		ADDED from src/main/AndroidManifest.xml:264:25-84
action#android.intent.action.ACTION_POWER_DISCONNECTED
ADDED from src/main/AndroidManifest.xml:265:17-90
	android:name
		ADDED from src/main/AndroidManifest.xml:265:25-87
receiver#com.igexin.sdk.PushManagerReceiver
ADDED from src/main/AndroidManifest.xml:268:9-274:20
	android:exported
		ADDED from src/main/AndroidManifest.xml:270:13-37
	android:name
		ADDED from src/main/AndroidManifest.xml:269:13-62
intent-filter#com.igexin.sdk.action.pushmanager
ADDED from src/main/AndroidManifest.xml:271:13-273:29
action#com.igexin.sdk.action.pushmanager
ADDED from src/main/AndroidManifest.xml:272:17-76
	android:name
		ADDED from src/main/AndroidManifest.xml:272:25-73
activity#com.igexin.sdk.PushActivity
ADDED from src/main/AndroidManifest.xml:276:9-283:20
	android:process
		ADDED from src/main/AndroidManifest.xml:280:13-43
	android:excludeFromRecents
		ADDED from src/main/AndroidManifest.xml:278:13-46
	android:exported
		ADDED from src/main/AndroidManifest.xml:279:13-37
	android:theme
		ADDED from src/main/AndroidManifest.xml:282:13-72
	android:taskAffinity
		ADDED from src/main/AndroidManifest.xml:281:13-67
	android:name
		ADDED from src/main/AndroidManifest.xml:277:13-55
service#com.igexin.download.DownloadService
ADDED from src/main/AndroidManifest.xml:285:9-287:46
	android:process
		ADDED from src/main/AndroidManifest.xml:287:13-43
	android:name
		ADDED from src/main/AndroidManifest.xml:286:13-63
receiver#com.igexin.download.DownloadReceiver
ADDED from src/main/AndroidManifest.xml:289:9-293:20
	android:name
		ADDED from src/main/AndroidManifest.xml:289:19-70
intent-filter#android.net.conn.CONNECTIVITY_CHANGE
ADDED from src/main/AndroidManifest.xml:290:13-292:29
provider#com.igexin.download.DownloadProvider
ADDED from src/main/AndroidManifest.xml:295:9-299:46
	android:authorities
		ADDED from src/main/AndroidManifest.xml:297:13-68
	android:process
		ADDED from src/main/AndroidManifest.xml:299:13-43
	android:exported
		ADDED from src/main/AndroidManifest.xml:298:13-36
	android:name
		ADDED from src/main/AndroidManifest.xml:296:13-64
activity#com.igexin.getuiext.activity.GetuiExtActivity
ADDED from src/main/AndroidManifest.xml:301:9-308:75
	android:process
		ADDED from src/main/AndroidManifest.xml:306:13-43
	android:excludeFromRecents
		ADDED from src/main/AndroidManifest.xml:304:13-46
	android:exported
		ADDED from src/main/AndroidManifest.xml:305:13-37
	android:configChanges
		ADDED from src/main/AndroidManifest.xml:303:13-72
	android:theme
		ADDED from src/main/AndroidManifest.xml:308:13-72
	android:taskAffinity
		ADDED from src/main/AndroidManifest.xml:307:13-62
	android:name
		ADDED from src/main/AndroidManifest.xml:302:13-73
receiver#com.igexin.getuiext.service.PayloadReceiver
ADDED from src/main/AndroidManifest.xml:310:9-317:20
	android:exported
		ADDED from src/main/AndroidManifest.xml:312:13-37
	android:name
		ADDED from src/main/AndroidManifest.xml:311:13-71
intent-filter#com.igexin.sdk.action.6t18dZQ2Vn9nv7ozqdl4EA+com.igexin.sdk.action.7fjUl2Z3LH6xYy7NQK4ni4
ADDED from src/main/AndroidManifest.xml:313:13-316:29
action#com.igexin.sdk.action.7fjUl2Z3LH6xYy7NQK4ni4
ADDED from src/main/AndroidManifest.xml:314:17-87
	android:name
		ADDED from src/main/AndroidManifest.xml:314:25-84
action#com.igexin.sdk.action.6t18dZQ2Vn9nv7ozqdl4EA
ADDED from src/main/AndroidManifest.xml:315:17-87
	android:name
		ADDED from src/main/AndroidManifest.xml:315:25-84
service#com.igexin.getuiext.service.GetuiExtService
ADDED from src/main/AndroidManifest.xml:319:9-321:46
	android:process
		ADDED from src/main/AndroidManifest.xml:321:13-43
	android:name
		ADDED from src/main/AndroidManifest.xml:320:13-71
activity#com.meijialife.dingdang.activity.WebViewsActivity
ADDED from src/main/AndroidManifest.xml:325:9-329:20
	android:screenOrientation
		ADDED from src/main/AndroidManifest.xml:327:13-49
	android:windowSoftInputMode
		ADDED from src/main/AndroidManifest.xml:328:13-67
	android:name
		ADDED from src/main/AndroidManifest.xml:326:13-77
service#com.meijialife.dingdang.service.LocationReportService
ADDED from src/main/AndroidManifest.xml:332:9-340:19
	android:enabled
		ADDED from src/main/AndroidManifest.xml:334:13-35
	android:process
		ADDED from src/main/AndroidManifest.xml:336:13-36
	android:exported
		ADDED from src/main/AndroidManifest.xml:335:13-36
	android:name
		ADDED from src/main/AndroidManifest.xml:333:13-81
intent-filter#com.meijialife.service
ADDED from src/main/AndroidManifest.xml:337:13-339:29
	android:priority
		ADDED from src/main/AndroidManifest.xml:337:28-57
action#com.meijialife.service
ADDED from src/main/AndroidManifest.xml:338:17-65
	android:name
		ADDED from src/main/AndroidManifest.xml:338:25-62
receiver#com.meijialife.dingdang.broadcastReceiver.LocationReceiver
ADDED from src/main/AndroidManifest.xml:342:9-370:20
	android:process
		ADDED from src/main/AndroidManifest.xml:345:13-36
	android:exported
		ADDED from src/main/AndroidManifest.xml:344:13-36
	android:name
		ADDED from src/main/AndroidManifest.xml:343:13-86
intent-filter#android.intent.action.ACTION_POWER_CONNECTED+android.intent.action.ACTION_POWER_DISCONNECTED+android.intent.action.MEDIA_EJECT+android.intent.action.MEDIA_MOUNTED
ADDED from src/main/AndroidManifest.xml:346:13-353:29
	android:priority
		ADDED from src/main/AndroidManifest.xml:346:28-57
action#android.intent.action.MEDIA_EJECT
ADDED from src/main/AndroidManifest.xml:348:17-76
	android:name
		ADDED from src/main/AndroidManifest.xml:348:25-73
data
ADDED from src/main/AndroidManifest.xml:352:17-47
	android:scheme
		ADDED from src/main/AndroidManifest.xml:352:23-44
intent-filter#android.intent.action.ACTION_POWER_DISCONNECTED+android.intent.action.ACTION_SHUTDOWN+android.intent.action.BOOT_COMPLETED+android.intent.action.PACKAGE_RESTARTED+android.intent.action.USER_PRESENT+android.net.conn.CONNECTIVITY_CHANGE+android.net.conn.CONNECTIVITY_CHANGE_IMMEDIATE+android.net.nsd.STATE_CHANGED+android.net.wifi.p2p.CONNECTION_STATE_CHANGE+android.net.wifi.p2p.PERSISTENT_GROUPS_CHANGED+com.baidu.android.moplus.action.RESTART+com.baidu.android.moplus.action.START+com.meijialife.service_destory+fyzb.alam.action
ADDED from src/main/AndroidManifest.xml:354:13-369:29
	android:priority
		ADDED from src/main/AndroidManifest.xml:354:28-57
action#android.intent.action.ACTION_SHUTDOWN
ADDED from src/main/AndroidManifest.xml:355:17-80
	android:name
		ADDED from src/main/AndroidManifest.xml:355:25-77
action#android.intent.action.PACKAGE_RESTARTED
ADDED from src/main/AndroidManifest.xml:359:17-82
	android:name
		ADDED from src/main/AndroidManifest.xml:359:25-79
action#com.baidu.android.moplus.action.RESTART
ADDED from src/main/AndroidManifest.xml:361:17-82
	android:name
		ADDED from src/main/AndroidManifest.xml:361:25-79
action#com.baidu.android.moplus.action.START
ADDED from src/main/AndroidManifest.xml:362:17-80
	android:name
		ADDED from src/main/AndroidManifest.xml:362:25-77
action#android.net.wifi.p2p.PERSISTENT_GROUPS_CHANGED
ADDED from src/main/AndroidManifest.xml:363:17-89
	android:name
		ADDED from src/main/AndroidManifest.xml:363:25-86
action#android.net.wifi.p2p.CONNECTION_STATE_CHANGE
ADDED from src/main/AndroidManifest.xml:364:17-87
	android:name
		ADDED from src/main/AndroidManifest.xml:364:25-84
action#android.net.nsd.STATE_CHANGED
ADDED from src/main/AndroidManifest.xml:365:17-72
	android:name
		ADDED from src/main/AndroidManifest.xml:365:25-69
action#android.net.conn.CONNECTIVITY_CHANGE_IMMEDIATE
ADDED from src/main/AndroidManifest.xml:366:17-89
	android:name
		ADDED from src/main/AndroidManifest.xml:366:25-86
action#fyzb.alam.action
ADDED from src/main/AndroidManifest.xml:367:17-59
	android:name
		ADDED from src/main/AndroidManifest.xml:367:25-56
action#com.meijialife.service_destory
ADDED from src/main/AndroidManifest.xml:368:17-73
	android:name
		ADDED from src/main/AndroidManifest.xml:368:25-70